#
# There is insufficient memory for the Java Runtime Environment to continue.
# Native memory allocation (mmap) failed to map 268435456 bytes for Failed to commit area from 0x0000000700800000 to 0x0000000710800000 of length 268435456.
# Possible reasons:
#   The system is out of physical RAM or swap space
#   The process is running with CompressedOops enabled, and the Java Heap may be blocking the growth of the native heap
# Possible solutions:
#   Reduce memory load on the system
#   Increase physical memory or swap space
#   Check if swap backing store is full
#   Decrease Java heap size (-Xmx/-Xms)
#   Decrease number of Java threads
#   Decrease Java thread stack sizes (-Xss)
#   Set larger code cache with -XX:ReservedCodeCacheSize=
# This output file may be truncated or incomplete.
#
#  Out of Memory Error (./src/hotspot/os/windows/os_windows.cpp:3301), pid=57168, tid=35044
#
# JRE version:  (11.0.11+9) (build )
# Java VM: OpenJDK 64-Bit Server VM (11.0.11+9, mixed mode, sharing, tiered, compressed oops, g1 gc, windows-amd64)
# No core dump will be written. Minidumps are not enabled by default on client versions of Windows
#

---------------  S U M M A R Y ------------

Command Line: -Dfile.encoding=Cp1252 --module-path=C:\Users\Kevin\eclipse-workspace\A2a\bin;C:\Users\Kevin\eclipse-workspace\Comp2522a1c\bin;C:\JavaFx\javafx-sdk-17.0.2\lib\javafx.base.jar;C:\JavaFx\javafx-sdk-17.0.2\lib\javafx.controls.jar;C:\JavaFx\javafx-sdk-17.0.2\lib\javafx.fxml.jar;C:\JavaFx\javafx-sdk-17.0.2\lib\javafx.graphics.jar;C:\JavaFx\javafx-sdk-17.0.2\lib\javafx.media.jar;C:\JavaFx\javafx-sdk-17.0.2\lib\javafx.swing.jar;C:\JavaFx\javafx-sdk-17.0.2\lib\javafx.web.jar;C:\JavaFx\javafx-sdk-17.0.2\lib\javafx-swt.jar -Djdk.module.main=A2a A2a/GameOfLife.Main

Host: Intel(R) Core(TM) i5-7600K CPU @ 3.80GHz, 4 cores, 15G,  Windows 10 , 64 bit Build 19041 (10.0.19041.1503)
Time: Mon Mar  7 20:54:27 2022 Pacific Standard Time elapsed time: 0.009366 seconds (0d 0h 0m 0s)

---------------  T H R E A D  ---------------

Current thread (0x000001c910c4d000):  JavaThread "Unknown thread" [_thread_in_vm, id=35044, stack(0x0000000dcee00000,0x0000000dcef00000)]

Stack: [0x0000000dcee00000,0x0000000dcef00000]
Native frames: (J=compiled Java code, j=interpreted, Vv=VM code, C=native code)
V  [jvm.dll+0x5f7e5a]
V  [jvm.dll+0x77ff2e]
V  [jvm.dll+0x7815ff]
V  [jvm.dll+0x781cc3]
V  [jvm.dll+0x247408]
V  [jvm.dll+0x5f500a]
V  [jvm.dll+0x5e9b05]
V  [jvm.dll+0x2fc26c]
V  [jvm.dll+0x2fc0f2]
V  [jvm.dll+0x300da6]
V  [jvm.dll+0x34586f]
V  [jvm.dll+0x3452a0]
V  [jvm.dll+0x2d9498]
V  [jvm.dll+0x2da5e6]
V  [jvm.dll+0x75b577]
V  [jvm.dll+0x75ccff]
V  [jvm.dll+0x3525e9]
V  [jvm.dll+0x73e660]
V  [jvm.dll+0x3b9ddf]
V  [jvm.dll+0x3bc2e1]
C  [jli.dll+0x520b]
C  [ucrtbase.dll+0x21bb2]
C  [KERNEL32.DLL+0x17034]
C  [ntdll.dll+0x52651]


---------------  P R O C E S S  ---------------

Threads class SMR info:
_java_thread_list=0x000001c90f2c3cb0, length=0, elements={
}

Java Threads: ( => current thread )

Other Threads:
  0x000001c910c63800 GCTaskThread "GC Thread#0" [stack: 0x0000000dcef00000,0x0000000dcf000000] [id=50380]
  0x000001c910cc4000 ConcurrentGCThread "G1 Main Marker" [stack: 0x0000000dcf000000,0x0000000dcf100000] [id=57556]
  0x000001c910cc5000 ConcurrentGCThread "G1 Conc#0" [stack: 0x0000000dcf100000,0x0000000dcf200000] [id=57560]

[error occurred during error reporting (printing all threads), id 0xc0000005, EXCEPTION_ACCESS_VIOLATION (0xc0000005) at pc=0x00007fff79e18b57]

VM state:not at safepoint (not fully initialized)

VM Mutex/Monitor currently owned by a thread:  ([mutex/lock_event])
[0x000001c910c4a230] Heap_lock - owner thread: 0x000001c910c4d000

Heap address: 0x0000000700800000, size: 4088 MB, Compressed Oops mode: Non-zero based: 0x0000000700800000
Narrow klass base: 0x0000000000000000, Narrow klass shift: 0

GC Heap History (0 events):
No events

Deoptimization events (0 events):
No events

Classes redefined (0 events):
No events

Internal exceptions (0 events):
No events

Events (1 events):
Event: 0.007 Loaded shared library C:\Program Files\AdoptOpenJDK\jdk-11.0.11.9-hotspot\bin\zip.dll


Dynamic libraries:
0x00007ff6d6e60000 - 0x00007ff6d6e6d000 	C:\Program Files\AdoptOpenJDK\jdk-11.0.11.9-hotspot\bin\javaw.exe
0x00007fffb6070000 - 0x00007fffb6265000 	C:\WINDOWS\SYSTEM32\ntdll.dll
0x00007fffb5f40000 - 0x00007fffb5ffe000 	C:\WINDOWS\System32\KERNEL32.DLL
0x00007fffb3cb0000 - 0x00007fffb3f78000 	C:\WINDOWS\System32\KERNELBASE.dll
0x00007fffb38d0000 - 0x00007fffb39d0000 	C:\WINDOWS\System32\ucrtbase.dll
0x00007fffa7f50000 - 0x00007fffa7f65000 	C:\Program Files\AdoptOpenJDK\jdk-11.0.11.9-hotspot\bin\VCRUNTIME140.dll
0x00007fffa7e60000 - 0x00007fffa7e77000 	C:\Program Files\AdoptOpenJDK\jdk-11.0.11.9-hotspot\bin\jli.dll
0x00007fffb5cd0000 - 0x00007fffb5e70000 	C:\WINDOWS\System32\USER32.dll
0x00007fffa3b80000 - 0x00007fffa3e1a000 	C:\WINDOWS\WinSxS\amd64_microsoft.windows.common-controls_6595b64144ccf1df_6.0.19041.1110_none_60b5254171f9507e\COMCTL32.dll
0x00007fffb4090000 - 0x00007fffb40b2000 	C:\WINDOWS\System32\win32u.dll
0x00007fffb6000000 - 0x00007fffb602b000 	C:\WINDOWS\System32\GDI32.dll
0x00007fffb5020000 - 0x00007fffb50be000 	C:\WINDOWS\System32\msvcrt.dll
0x00007fffb3f80000 - 0x00007fffb408d000 	C:\WINDOWS\System32\gdi32full.dll
0x00007fffb3b60000 - 0x00007fffb3bfd000 	C:\WINDOWS\System32\msvcp_win.dll
0x00007fffb4220000 - 0x00007fffb4250000 	C:\WINDOWS\System32\IMM32.DLL
0x00007fff97000000 - 0x00007fff9709b000 	C:\Program Files\AdoptOpenJDK\jdk-11.0.11.9-hotspot\bin\msvcp140.dll
0x00007fff79b30000 - 0x00007fff7a67b000 	C:\Program Files\AdoptOpenJDK\jdk-11.0.11.9-hotspot\bin\server\jvm.dll
0x00007fffb4170000 - 0x00007fffb421e000 	C:\WINDOWS\System32\ADVAPI32.dll
0x00007fffb5670000 - 0x00007fffb570c000 	C:\WINDOWS\System32\sechost.dll
0x00007fffb5ba0000 - 0x00007fffb5cc5000 	C:\WINDOWS\System32\RPCRT4.dll
0x00007fffb4c30000 - 0x00007fffb4c38000 	C:\WINDOWS\System32\PSAPI.DLL
0x00007fffb0f30000 - 0x00007fffb0f39000 	C:\WINDOWS\SYSTEM32\WSOCK32.dll
0x00007fffac3a0000 - 0x00007fffac3c7000 	C:\WINDOWS\SYSTEM32\WINMM.dll
0x00007fffac3d0000 - 0x00007fffac3da000 	C:\WINDOWS\SYSTEM32\VERSION.dll
0x00007fffb52e0000 - 0x00007fffb534b000 	C:\WINDOWS\System32\WS2_32.dll
0x00007fffb1670000 - 0x00007fffb1682000 	C:\WINDOWS\SYSTEM32\kernel.appcore.dll
0x00007fffae600000 - 0x00007fffae610000 	C:\Program Files\AdoptOpenJDK\jdk-11.0.11.9-hotspot\bin\verify.dll
0x00007fffab170000 - 0x00007fffab354000 	C:\WINDOWS\SYSTEM32\DBGHELP.DLL
0x00007fffa5940000 - 0x00007fffa596c000 	C:\WINDOWS\SYSTEM32\dbgcore.DLL
0x00007fffb37f0000 - 0x00007fffb3872000 	C:\WINDOWS\System32\bcryptPrimitives.dll
0x00007fffa6ce0000 - 0x00007fffa6d08000 	C:\Program Files\AdoptOpenJDK\jdk-11.0.11.9-hotspot\bin\java.dll
0x00007fffaa290000 - 0x00007fffaa29a000 	C:\Program Files\AdoptOpenJDK\jdk-11.0.11.9-hotspot\bin\jimage.dll
0x00007fffa7e40000 - 0x00007fffa7e57000 	C:\Program Files\AdoptOpenJDK\jdk-11.0.11.9-hotspot\bin\zip.dll

dbghelp: loaded successfully - version: 4.0.5 - missing functions: none
symbol engine: initialized successfully - sym options: 0x614 - pdb path: .;C:\Program Files\AdoptOpenJDK\jdk-11.0.11.9-hotspot\bin;C:\WINDOWS\SYSTEM32;C:\WINDOWS\WinSxS\amd64_microsoft.windows.common-controls_6595b64144ccf1df_6.0.19041.1110_none_60b5254171f9507e;C:\Program Files\AdoptOpenJDK\jdk-11.0.11.9-hotspot\bin\server

VM Arguments:
jvm_args: -Dfile.encoding=Cp1252 --module-path=C:\Users\Kevin\eclipse-workspace\A2a\bin;C:\Users\Kevin\eclipse-workspace\Comp2522a1c\bin;C:\JavaFx\javafx-sdk-17.0.2\lib\javafx.base.jar;C:\JavaFx\javafx-sdk-17.0.2\lib\javafx.controls.jar;C:\JavaFx\javafx-sdk-17.0.2\lib\javafx.fxml.jar;C:\JavaFx\javafx-sdk-17.0.2\lib\javafx.graphics.jar;C:\JavaFx\javafx-sdk-17.0.2\lib\javafx.media.jar;C:\JavaFx\javafx-sdk-17.0.2\lib\javafx.swing.jar;C:\JavaFx\javafx-sdk-17.0.2\lib\javafx.web.jar;C:\JavaFx\javafx-sdk-17.0.2\lib\javafx-swt.jar -Djdk.module.main=A2a 
java_command: A2a/GameOfLife.Main
java_class_path (initial): <not set>
Launcher Type: SUN_STANDARD

[Global flags]
     intx CICompilerCount                          = 3                                         {product} {ergonomic}
     uint ConcGCThreads                            = 1                                         {product} {ergonomic}
     uint G1ConcRefinementThreads                  = 4                                         {product} {ergonomic}
   size_t G1HeapRegionSize                         = 1048576                                   {product} {ergonomic}
    uintx GCDrainStackTargetSize                   = 64                                        {product} {ergonomic}
   size_t InitialHeapSize                          = 268435456                                 {product} {ergonomic}
   size_t MarkStackSize                            = 4194304                                   {product} {ergonomic}
   size_t MaxHeapSize                              = 4286578688                                {product} {ergonomic}
   size_t MinHeapDeltaBytes                        = 1048576                                   {product} {ergonomic}
    uintx NonNMethodCodeHeapSize                   = 5830732                                {pd product} {ergonomic}
    uintx NonProfiledCodeHeapSize                  = 122913754                              {pd product} {ergonomic}
    uintx ProfiledCodeHeapSize                     = 122913754                              {pd product} {ergonomic}
    uintx ReservedCodeCacheSize                    = 251658240                              {pd product} {ergonomic}
     bool SegmentedCodeCache                       = true                                      {product} {ergonomic}
     bool UseCompressedClassPointers               = true                                 {lp64_product} {ergonomic}
     bool UseCompressedOops                        = true                                 {lp64_product} {ergonomic}
     bool UseG1GC                                  = true                                      {product} {ergonomic}
     bool UseLargePagesIndividualAllocation        = false                                  {pd product} {ergonomic}

Logging:
Log output configuration:
 #0: stdout all=warning uptime,level,tags
 #1: stderr all=off uptime,level,tags

Environment Variables:
JAVA_HOME=C:\Program Files\AdoptOpenJDK\jdk-11.0.11.9-hotspot
PATH=C:/Users/Kevin/.p2/pool/plugins/org.eclipse.justj.openjdk.hotspot.jre.full.win32.x86_64_16.0.2.v20210721-1149/jre/bin/server;C:/Users/Kevin/.p2/pool/plugins/org.eclipse.justj.openjdk.hotspot.jre.full.win32.x86_64_16.0.2.v20210721-1149/jre/bin;C:\Program Files (x86)\Razer\ChromaBroadcast\bin;C:\Program Files\Razer\ChromaBroadcast\bin;C:\Python310\Scripts\;C:\Python310\;C:\Program Files\AdoptOpenJDK\jdk-11.0.11.9-hotspot\bin;C:\Program Files (x86)\NVIDIA Corporation\PhysX\Common;C:\Program Files (x86)\Common Files\Oracle\Java\javapath;C:\Program Files (x86)\Razer Chroma SDK\bin;C:\Program Files\Razer Chroma SDK\bin;C:\Windows\system32;C:\Windows;C:\Windows\System32\Wbem;C:\Windows\System32\WindowsPowerShell\v1.0\;C:\Windows\system32\config\systemprofile\AppData\Local\Microsoft\WindowsApps;C:\WINDOWS\system32;C:\WINDOWS;C:\WINDOWS\System32\Wbem;C:\WINDOWS\System32\WindowsPowerShell\v1.0\;C:\WINDOWS\System32\OpenSSH\;C:\Program Files (x86)\Calibre2\;C:\Program Files\SourceGear\Common\DiffMerge\;C:\Program Files (x86)\Common Files\Acronis\VirtualFile\;C:\Program Files (x86)\Common Files\Acronis\VirtualFile64\;C:\Program Files (x86)\Common Files\Acronis\SnapAPI\;C:\Program Files\dotnet\;C:\Program Files (x86)\dotnet\;C;C;C:\Program Files\Java\jdk-10.0.2\bin;C:\Program Files\Appache\bin;C:\Program Files\Git\cmd;C:\Program Files\nodejs\;C:\ProgramData\chocolatey\bin;C:\WINDOWS\system32\config\systemprofile\AppData\Local\Microsoft\WindowsApps;C:\Strawberry\c\bin;C:\Strawberry\perl\site\bin;C:\Strawberry\perl\bin;C:\Program Files\MySQL\MySQL Shell 8.0\bin\;C:\Users\Kevin\Anaconda3;C:\Users\Kevin\Anaconda3\Library\mingw-w64\bin;C:\Users\Kevin\Anaconda3\Library\usr\bin;C:\Users\Kevin\Anaconda3\Library\bin;C:\Users\Kevin\Anaconda3\Scripts;C:\Users\Kevin\AppData\Local\Programs\Python\Python37-32\Scripts\;C:\Users\Kevin\AppData\Local\Programs\Python\Python37-32\;C:\Users\Kevin\AppData\Local\Microsoft\WindowsApps;C:\Users\Kevin\.dotnet\tools;C:\Users\Kevin\AppData\Local\Programs\
USERNAME=Kevin
OS=Windows_NT
PROCESSOR_IDENTIFIER=Intel64 Family 6 Model 158 Stepping 9, GenuineIntel



---------------  S Y S T E M  ---------------

OS: Windows 10 , 64 bit Build 19041 (10.0.19041.1503)
OS uptime: 5 days 8:30 hours

CPU:total 4 (initial active 4) (4 cores per cpu, 1 threads per core) family 6 model 158 stepping 9 microcode 0xb4, cmov, cx8, fxsr, mmx, sse, sse2, sse3, ssse3, sse4.1, sse4.2, popcnt, avx, avx2, aes, clmul, erms, rtm, 3dnowpref, lzcnt, tsc, tscinvbit, bmi1, bmi2, adx, fma

Memory: 4k page, system-wide physical 16348M (736M free)
TotalPageFile size 55878M (AvailPageFile size 16M)
current process WorkingSet (physical memory assigned to process): 10M, peak: 10M
current process commit charge ("private bytes"): 52M, peak: 308M

vm_info: OpenJDK 64-Bit Server VM (11.0.11+9) for windows-amd64 JRE (11.0.11+9), built on Apr 20 2021 21:22:09 by "" with MS VC++ 15.9 (VS2017)

END.
